#
# A fatal error has been detected by the Java Runtime Environment:
#
#  EXCEPTION_ACCESS_VIOLATION (0xc0000005) at pc=0x53ec0000, pid=11448, tid=0x000058f0
#
# JRE version: Java(TM) SE Runtime Environment (8.0_281-b09) (build 1.8.0_281-b09)
# Java VM: Java HotSpot(TM) Client VM (25.281-b09 mixed mode windows-x86 )
# Problematic frame:
# C  0x53ec0000
#
# Failed to write core dump. Minidumps are not enabled by default on client versions of Windows
#
# If you would like to submit a bug report, please visit:
#   http://bugreport.java.com/bugreport/crash.jsp
# The crash happened outside the Java Virtual Machine in native code.
# See problematic frame for where to report the bug.
#

---------------  T H R E A D  ---------------

Current thread (0x56a61000):  JavaThread "Server thread" [_thread_in_native, id=22768, stack(0x54320000,0x54370000)]

siginfo: ExceptionCode=0xc0000005, ExceptionInformation=0x00000008 0x53ec0000

Registers:
EAX=0x53ec0000, EBX=0x00000000, ECX=0x5436ecc8, EDX=0x075ebf70
ESP=0x5436ecb8, EBP=0x5436f0cc, ESI=0x00010001, EDI=0x56a61000
EIP=0x53ec0000, EFLAGS=0x00010206

Top of Stack: (sp=0x5436ecb8)
0x5436ecb8:   640d1f01 00010001 5436ecc8 24039548
0x5436ecc8:   20656854 57464c47 62696c20 79726172
0x5436ecd8:   20736920 20746f6e 74696e69 696c6169
0x5436ece8:   0064657a 02d81fb4 5436ed18 73c2c238
0x5436ecf8:   5436ed34 02774899 00000000 5436ed10
0x5436ed08:   00000001 02774899 075ead68 5436ed14
0x5436ed18:   44ea8a84 5436ed3c 44ea9060 00000000
0x5436ed28:   44ea8a90 00000000 17b897b8 17bd5730 

Instructions: (pc=0x53ec0000)
0x53ebffe0:   00 00 00 00 00 00 00 00 00 00 00 00 00 00 00 00
0x53ebfff0:   00 00 00 00 00 00 00 00 00 00 00 00 00 00 00 00
0x53ec0000:   
[error occurred during error reporting (printing registers, top of stack, instructions near pc), id 0xc0000005]

Register to memory mapping:

EAX=0x53ec0000 is an unknown value
EBX=0x00000000 is an unknown value
ECX=0x5436ecc8 is pointing into the stack for thread: 0x56a61000
EDX=
[error occurred during error reporting (printing register info), id 0xc0000005]

Stack: [0x54320000,0x54370000],  sp=0x5436ecb8,  free space=315k
Native frames: (J=compiled Java code, j=interpreted, Vv=VM code, C=native code)
C  0x53ec0000
C  [glfw32.dll+0x33bb]
C  [lwjgl32.dll+0x1714]
J 17532 C1 com.mojang.blaze3d.platform.GLX$$Lambda$2816.getAsLong()J (4 bytes) @ 0x02bfb910 [0x02bfb8e0+0x30]
J 21284 C1 net.minecraft.server.MinecraftServer.func_212379_aT()Z (38 bytes) @ 0x03125728 [0x031256d0+0x58]
J 21260 C1 net.minecraft.server.MinecraftServer$$Lambda$7712.getAsBoolean()Z (8 bytes) @ 0x03129e38 [0x03129e10+0x28]
J 12647 C1 net.minecraft.util.concurrent.ThreadTaskExecutor.func_213161_c(Ljava/util/function/BooleanSupplier;)V (60 bytes) @ 0x02c3f66c [0x02c3f5f0+0x7c]
J 21365 C1 net.minecraft.server.MinecraftServer.func_213202_o()V (15 bytes) @ 0x02df1274 [0x02df11e0+0x94]
j  net.minecraft.server.MinecraftServer.func_240802_v_()V+252
j  net.minecraft.server.MinecraftServer.lambda$startServer$0(Ljava/util/concurrent/atomic/AtomicReference;)V+7
j  net.minecraft.server.MinecraftServer$$Lambda$7584.run()V+4
j  java.lang.Thread.run()V+11
v  ~StubRoutines::call_stub
V  [jvm.dll+0x1653c4]
V  [jvm.dll+0x2360ab]
V  [jvm.dll+0x165b77]
V  [jvm.dll+0x165ab6]
V  [jvm.dll+0x10116b]
V  [jvm.dll+0x189bd4]
V  [jvm.dll+0x1cf04b]
C  [ucrtbase.dll+0x438df]
C  [KERNEL32.DLL+0x16359]
C  [ntdll.dll+0x68944]
C  [ntdll.dll+0x68914]
C  0x00000000

Java frames: (J=compiled Java code, j=interpreted, Vv=VM code)
J 8198  org.lwjgl.system.JNI.invokeD(J)D (0 bytes) @ 0x02859eda [0x02859e60+0x7a]
J 17532 C1 com.mojang.blaze3d.platform.GLX$$Lambda$2816.getAsLong()J (4 bytes) @ 0x02bfb910 [0x02bfb8e0+0x30]
J 21284 C1 net.minecraft.server.MinecraftServer.func_212379_aT()Z (38 bytes) @ 0x03125728 [0x031256d0+0x58]
J 21260 C1 net.minecraft.server.MinecraftServer$$Lambda$7712.getAsBoolean()Z (8 bytes) @ 0x03129e38 [0x03129e10+0x28]
J 12647 C1 net.minecraft.util.concurrent.ThreadTaskExecutor.func_213161_c(Ljava/util/function/BooleanSupplier;)V (60 bytes) @ 0x02c3f66c [0x02c3f5f0+0x7c]
J 21365 C1 net.minecraft.server.MinecraftServer.func_213202_o()V (15 bytes) @ 0x02df1274 [0x02df11e0+0x94]
j  net.minecraft.server.MinecraftServer.func_240802_v_()V+252
j  net.minecraft.server.MinecraftServer.lambda$startServer$0(Ljava/util/concurrent/atomic/AtomicReference;)V+7
j  net.minecraft.server.MinecraftServer$$Lambda$7584.run()V+4
j  java.lang.Thread.run()V+11
v  ~StubRoutines::call_stub

---------------  P R O C E S S  ---------------

Java Threads: ( => current thread )
  0x4c246400 JavaThread "Sound engine" daemon [_thread_blocked, id=20396, stack(0x4f540000,0x4f590000)]
  0x4c0da400 JavaThread "Netty Server IO #3" daemon [_thread_in_native, id=22348, stack(0x57ac0000,0x57b10000)]
  0x4c0d5800 JavaThread "Netty Local Client IO #1" daemon [_thread_blocked, id=22268, stack(0x57990000,0x579e0000)]
  0x4bd39000 JavaThread "Netty Server IO #2" daemon [_thread_in_native, id=7784, stack(0x55bd0000,0x55c20000)]
  0x56a61c00 JavaThread "Thread-42" daemon [_thread_in_native, id=22812, stack(0x544f0000,0x54540000)]
=>0x56a61000 JavaThread "Server thread" [_thread_in_native, id=22768, stack(0x54320000,0x54370000)]
  0x4c244400 JavaThread "Snooper Timer" daemon [_thread_blocked, id=25332, stack(0x4f4f0000,0x4f540000)]
  0x56a5e400 JavaThread "Netty Server IO #1" daemon [_thread_in_native, id=30196, stack(0x73ab0000,0x73b00000)]
  0x56a64400 JavaThread "Netty Local Client IO #0" daemon [_thread_blocked, id=25632, stack(0x73a20000,0x73a70000)]
  0x56a63800 JavaThread "Netty Server IO #0" daemon [_thread_in_native, id=16704, stack(0x6d3b0000,0x6d400000)]
  0x56a61800 JavaThread "ObjectCleanerThread" daemon [_thread_blocked, id=10392, stack(0x546c0000,0x54710000)]
  0x56a5fc00 JavaThread "Java2D Disposer" daemon [_thread_blocked, id=20916, stack(0x57a70000,0x57ac0000)]
  0x56a5f000 JavaThread "Thread-26" daemon [_thread_in_native, id=21964, stack(0x51630000,0x51680000)]
  0x4c0d9c00 JavaThread "Direct Clip" daemon [_thread_blocked, id=14116, stack(0x784b0000,0x78500000)]
  0x4c0db000 JavaThread "Direct Clip" daemon [_thread_blocked, id=12872, stack(0x768a0000,0x768f0000)]
  0x4c0d9000 JavaThread "Java Sound Event Dispatcher" daemon [_thread_blocked, id=18696, stack(0x72fa0000,0x72ff0000)]
  0x4c243c00 JavaThread "Thread-6" daemon [_thread_blocked, id=27020, stack(0x548e0000,0x54930000)]
  0x4bd36400 JavaThread "Snooper Timer" daemon [_thread_blocked, id=28704, stack(0x51550000,0x515a0000)]
  0x4bd38800 JavaThread "Timer hack thread" daemon [_thread_blocked, id=6284, stack(0x474e0000,0x47530000)]
  0x4688a800 JavaThread "Thread-2" daemon [_thread_in_native, id=29160, stack(0x47900000,0x47950000)]
  0x4688a000 JavaThread "Thread-1" daemon [_thread_blocked, id=9788, stack(0x47870000,0x478c0000)]
  0x45243800 JavaThread "Service Thread" daemon [_thread_blocked, id=30528, stack(0x455a0000,0x455f0000)]
  0x4521a400 JavaThread "C1 CompilerThread0" daemon [_thread_blocked, id=24476, stack(0x45510000,0x45560000)]
  0x45215400 JavaThread "Attach Listener" daemon [_thread_blocked, id=3320, stack(0x45480000,0x454d0000)]
  0x00f0e800 JavaThread "Signal Dispatcher" daemon [_thread_blocked, id=22020, stack(0x453f0000,0x45440000)]
  0x4520f400 JavaThread "Finalizer" daemon [_thread_blocked, id=9520, stack(0x45130000,0x45180000)]
  0x00efdc00 JavaThread "Reference Handler" daemon [_thread_blocked, id=25388, stack(0x450a0000,0x450f0000)]
  0x00e47000 JavaThread "Render thread" [_thread_blocked, id=28948, stack(0x02720000,0x02770000)]

Other Threads:
  0x00ef7400 VMThread [stack: 0x45010000,0x45060000] [id=30604]
  0x4524d800 WatcherThread [stack: 0x45630000,0x45680000] [id=7652]

VM state:not at safepoint (normal execution)

VM Mutex/Monitor currently owned by a thread: None

OutOfMemory and StackOverflow Exception counts:
OutOfMemoryError java_heap_errors=4

Heap:
 def new generation   total 314560K, used 56605K [0x04800000, 0x19d50000, 0x19d50000)
  eden space 279616K,  17% used [0x04800000, 0x07866e60, 0x15910000)
  from space 34944K,  20% used [0x17b30000, 0x182105c0, 0x19d50000)
  to   space 34944K,   0% used [0x15910000, 0x15910000, 0x17b30000)
 tenured generation   total 699072K, used 534552K [0x19d50000, 0x44800000, 0x44800000)
   the space 699072K,  76% used [0x19d50000, 0x3a756038, 0x3a756200, 0x44800000)
 Metaspace       used 71725K, capacity 86711K, committed 86784K, reserved 87424K

Card table byte_map: [0x44800000,0x44a10000] byte_map_base: 0x447dc000

Polling page: 0x00de0000

CodeCache: size=32768Kb used=9294Kb max_used=11803Kb free=23474Kb
 bounds [0x02770000, 0x03328000, 0x04770000]
 total_blobs=8019 nmethods=7086 adapters=862
 compilation: enabled

Compilation events (10 events):
Event: 1389.536 Thread 0x4521a400 23866             org.lwjgl.system.MemoryUtil::nmemFree (10 bytes)
Event: 1389.537 Thread 0x4521a400 nmethod 23866 0x02890ac8 code [0x02890bc0, 0x02890c5c]
Event: 1389.557 Thread 0x4521a400 23868             net.minecraft.client.renderer.texture.AtlasTexture::func_195419_g (60 bytes)
Event: 1389.558 Thread 0x4521a400 nmethod 23868 0x02af1e88 code [0x02af1fe0, 0x02af2164]
Event: 1389.559 Thread 0x4521a400 23869             java.lang.String::replace (127 bytes)
Event: 1389.559 Thread 0x4521a400 nmethod 23869 0x029c88c8 code [0x029c89e0, 0x029c8c60]
Event: 1389.568 Thread 0x4521a400 23870             java.lang.StringBuilder::append (8 bytes)
Event: 1389.569 Thread 0x4521a400 nmethod 23870 0x029c86c8 code [0x029c87c0, 0x029c885c]
Event: 1389.659 Thread 0x4521a400 23871             java.util.Arrays$ArrayList::size (6 bytes)
Event: 1389.659 Thread 0x4521a400 nmethod 23871 0x02af1c88 code [0x02af1d80, 0x02af1e10]

GC Heap History (10 events):
Event: 1353.859 GC heap before
{Heap before GC invocations=351 (full 9):
 def new generation   total 314560K, used 286680K [0x04800000, 0x19d50000, 0x19d50000)
  eden space 279616K, 100% used [0x04800000, 0x15910000, 0x15910000)
  from space 34944K,  20% used [0x15910000, 0x15ff62a8, 0x17b30000)
  to   space 34944K,   0% used [0x17b30000, 0x17b30000, 0x19d50000)
 tenured generation   total 699072K, used 534552K [0x19d50000, 0x44800000, 0x44800000)
   the space 699072K,  76% used [0x19d50000, 0x3a756038, 0x3a756200, 0x44800000)
 Metaspace       used 71700K, capacity 86666K, committed 86784K, reserved 87424K
Event: 1353.870 GC heap after
Heap after GC invocations=352 (full 9):
 def new generation   total 314560K, used 6981K [0x04800000, 0x19d50000, 0x19d50000)
  eden space 279616K,   0% used [0x04800000, 0x04800000, 0x15910000)
  from space 34944K,  19% used [0x17b30000, 0x182014f8, 0x19d50000)
  to   space 34944K,   0% used [0x15910000, 0x15910000, 0x17b30000)
 tenured generation   total 699072K, used 534552K [0x19d50000, 0x44800000, 0x44800000)
   the space 699072K,  76% used [0x19d50000, 0x3a756038, 0x3a756200, 0x44800000)
 Metaspace       used 71700K, capacity 86666K, committed 86784K, reserved 87424K
}
Event: 1362.410 GC heap before
{Heap before GC invocations=352 (full 9):
 def new generation   total 314560K, used 286597K [0x04800000, 0x19d50000, 0x19d50000)
  eden space 279616K, 100% used [0x04800000, 0x15910000, 0x15910000)
  from space 34944K,  19% used [0x17b30000, 0x182014f8, 0x19d50000)
  to   space 34944K,   0% used [0x15910000, 0x15910000, 0x17b30000)
 tenured generation   total 699072K, used 534552K [0x19d50000, 0x44800000, 0x44800000)
   the space 699072K,  76% used [0x19d50000, 0x3a756038, 0x3a756200, 0x44800000)
 Metaspace       used 71700K, capacity 86666K, committed 86784K, reserved 87424K
Event: 1362.425 GC heap after
Heap after GC invocations=353 (full 9):
 def new generation   total 314560K, used 6978K [0x04800000, 0x19d50000, 0x19d50000)
  eden space 279616K,   0% used [0x04800000, 0x04800000, 0x15910000)
  from space 34944K,  19% used [0x15910000, 0x15fe0a80, 0x17b30000)
  to   space 34944K,   0% used [0x17b30000, 0x17b30000, 0x19d50000)
 tenured generation   total 699072K, used 534552K [0x19d50000, 0x44800000, 0x44800000)
   the space 699072K,  76% used [0x19d50000, 0x3a756038, 0x3a756200, 0x44800000)
 Metaspace       used 71700K, capacity 86666K, committed 86784K, reserved 87424K
}
Event: 1370.849 GC heap before
{Heap before GC invocations=353 (full 9):
 def new generation   total 314560K, used 286594K [0x04800000, 0x19d50000, 0x19d50000)
  eden space 279616K, 100% used [0x04800000, 0x15910000, 0x15910000)
  from space 34944K,  19% used [0x15910000, 0x15fe0a80, 0x17b30000)
  to   space 34944K,   0% used [0x17b30000, 0x17b30000, 0x19d50000)
 tenured generation   total 699072K, used 534552K [0x19d50000, 0x44800000, 0x44800000)
   the space 699072K,  76% used [0x19d50000, 0x3a756038, 0x3a756200, 0x44800000)
 Metaspace       used 71700K, capacity 86666K, committed 86784K, reserved 87424K
Event: 1370.861 GC heap after
Heap after GC invocations=354 (full 9):
 def new generation   total 314560K, used 6983K [0x04800000, 0x19d50000, 0x19d50000)
  eden space 279616K,   0% used [0x04800000, 0x04800000, 0x15910000)
  from space 34944K,  19% used [0x17b30000, 0x18201fd0, 0x19d50000)
  to   space 34944K,   0% used [0x15910000, 0x15910000, 0x17b30000)
 tenured generation   total 699072K, used 534552K [0x19d50000, 0x44800000, 0x44800000)
   the space 699072K,  76% used [0x19d50000, 0x3a756038, 0x3a756200, 0x44800000)
 Metaspace       used 71700K, capacity 86666K, committed 86784K, reserved 87424K
}
Event: 1379.448 GC heap before
{Heap before GC invocations=354 (full 9):
 def new generation   total 314560K, used 286599K [0x04800000, 0x19d50000, 0x19d50000)
  eden space 279616K, 100% used [0x04800000, 0x15910000, 0x15910000)
  from space 34944K,  19% used [0x17b30000, 0x18201fd0, 0x19d50000)
  to   space 34944K,   0% used [0x15910000, 0x15910000, 0x17b30000)
 tenured generation   total 699072K, used 534552K [0x19d50000, 0x44800000, 0x44800000)
   the space 699072K,  76% used [0x19d50000, 0x3a756038, 0x3a756200, 0x44800000)
 Metaspace       used 71700K, capacity 86666K, committed 86784K, reserved 87424K
Event: 1379.460 GC heap after
Heap after GC invocations=355 (full 9):
 def new generation   total 314560K, used 6991K [0x04800000, 0x19d50000, 0x19d50000)
  eden space 279616K,   0% used [0x04800000, 0x04800000, 0x15910000)
  from space 34944K,  20% used [0x15910000, 0x15fe3d40, 0x17b30000)
  to   space 34944K,   0% used [0x17b30000, 0x17b30000, 0x19d50000)
 tenured generation   total 699072K, used 534552K [0x19d50000, 0x44800000, 0x44800000)
   the space 699072K,  76% used [0x19d50000, 0x3a756038, 0x3a756200, 0x44800000)
 Metaspace       used 71700K, capacity 86666K, committed 86784K, reserved 87424K
}
Event: 1388.064 GC heap before
{Heap before GC invocations=355 (full 9):
 def new generation   total 314560K, used 286607K [0x04800000, 0x19d50000, 0x19d50000)
  eden space 279616K, 100% used [0x04800000, 0x15910000, 0x15910000)
  from space 34944K,  20% used [0x15910000, 0x15fe3d40, 0x17b30000)
  to   space 34944K,   0% used [0x17b30000, 0x17b30000, 0x19d50000)
 tenured generation   total 699072K, used 534552K [0x19d50000, 0x44800000, 0x44800000)
   the space 699072K,  76% used [0x19d50000, 0x3a756038, 0x3a756200, 0x44800000)
 Metaspace       used 71708K, capacity 86679K, committed 86784K, reserved 87424K
Event: 1388.084 GC heap after
Heap after GC invocations=356 (full 9):
 def new generation   total 314560K, used 7041K [0x04800000, 0x19d50000, 0x19d50000)
  eden space 279616K,   0% used [0x04800000, 0x04800000, 0x15910000)
  from space 34944K,  20% used [0x17b30000, 0x182105c0, 0x19d50000)
  to   space 34944K,   0% used [0x15910000, 0x15910000, 0x17b30000)
 tenured generation   total 699072K, used 534552K [0x19d50000, 0x44800000, 0x44800000)
   the space 699072K,  76% used [0x19d50000, 0x3a756038, 0x3a756200, 0x44800000)
 Metaspace       used 71708K, capacity 86679K, committed 86784K, reserved 87424K
}

Deoptimization events (0 events):
No events

Classes redefined (0 events):
No events

Internal exceptions (10 events):
Event: 1316.449 Thread 0x00e47000 Exception <a 'sun/nio/fs/WindowsException'> (0x13e9caa8) thrown at [C:\jenkins\workspace\8-2-build-windows-i586-cygwin\jdk8u281\880\hotspot\src\share\vm\prims\jni.cpp, line 710]
Event: 1321.739 Thread 0x56a61000 Exception <a 'sun/nio/fs/WindowsException'> (0x1516cfa0) thrown at [C:\jenkins\workspace\8-2-build-windows-i586-cygwin\jdk8u281\880\hotspot\src\share\vm\prims\jni.cpp, line 710]
Event: 1321.740 Thread 0x56a61000 Exception <a 'sun/nio/fs/WindowsException'> (0x1517ecb8) thrown at [C:\jenkins\workspace\8-2-build-windows-i586-cygwin\jdk8u281\880\hotspot\src\share\vm\prims\jni.cpp, line 710]
Event: 1321.748 Thread 0x56a61000 Exception <a 'sun/nio/fs/WindowsException'> (0x151fd9d8) thrown at [C:\jenkins\workspace\8-2-build-windows-i586-cygwin\jdk8u281\880\hotspot\src\share\vm\prims\jni.cpp, line 710]
Event: 1321.748 Thread 0x56a61000 Exception <a 'sun/nio/fs/WindowsException'> (0x151fe098) thrown at [C:\jenkins\workspace\8-2-build-windows-i586-cygwin\jdk8u281\880\hotspot\src\share\vm\prims\jni.cpp, line 710]
Event: 1321.751 Thread 0x56a61000 Exception <a 'sun/nio/fs/WindowsException'> (0x1521d338) thrown at [C:\jenkins\workspace\8-2-build-windows-i586-cygwin\jdk8u281\880\hotspot\src\share\vm\prims\jni.cpp, line 710]
Event: 1322.060 Thread 0x4c0d8c00 Exception <a 'sun/nio/fs/WindowsException'> (0x0540d830) thrown at [C:\jenkins\workspace\8-2-build-windows-i586-cygwin\jdk8u281\880\hotspot\src\share\vm\prims\jni.cpp, line 710]
Event: 1322.069 Thread 0x4c0d8c00 Exception <a 'sun/nio/fs/WindowsException'> (0x054135e0) thrown at [C:\jenkins\workspace\8-2-build-windows-i586-cygwin\jdk8u281\880\hotspot\src\share\vm\prims\jni.cpp, line 710]
Event: 1322.526 Thread 0x4c0dbc00 Exception <a 'sun/nio/fs/WindowsException'> (0x05387df8) thrown at [C:\jenkins\workspace\8-2-build-windows-i586-cygwin\jdk8u281\880\hotspot\src\share\vm\prims\jni.cpp, line 710]
Event: 1322.528 Thread 0x4c0dbc00 Exception <a 'sun/nio/fs/WindowsException'> (0x0538dba8) thrown at [C:\jenkins\workspace\8-2-build-windows-i586-cygwin\jdk8u281\880\hotspot\src\share\vm\prims\jni.cpp, line 710]

Events (10 events):
Event: 1389.573 loading class net/minecraft/client/audio/SoundSource
Event: 1389.573 loading class net/minecraft/client/audio/SoundSource done
Event: 1389.582 loading class net/minecraft/util/ResourceLocation
Event: 1389.582 loading class net/minecraft/util/ResourceLocation done
Event: 1389.583 loading class net/minecraft/util/ResourceLocation
Event: 1389.583 loading class net/minecraft/util/ResourceLocation done
Event: 1389.583 loading class net/minecraft/client/renderer/texture/TextureManager
Event: 1389.583 loading class net/minecraft/client/renderer/texture/TextureManager done
Event: 1389.586 loading class org/lwjgl/glfw/Callbacks
Event: 1389.586 loading class org/lwjgl/glfw/Callbacks done


Dynamic libraries:
0x00320000 - 0x0035f000 	C:\Program Files (x86)\Common Files\Oracle\Java\javapath\javaw.exe
0x76ec0000 - 0x7705a000 	C:\WINDOWS\SYSTEM32\ntdll.dll
0x74a80000 - 0x74b60000 	C:\WINDOWS\System32\KERNEL32.DLL
0x755b0000 - 0x757af000 	C:\WINDOWS\System32\KERNELBASE.dll
0x758c0000 - 0x75939000 	C:\WINDOWS\System32\ADVAPI32.dll
0x76600000 - 0x766bf000 	C:\WINDOWS\System32\msvcrt.dll
0x767d0000 - 0x76846000 	C:\WINDOWS\System32\sechost.dll
0x759a0000 - 0x75a5b000 	C:\WINDOWS\System32\RPCRT4.dll
0x74690000 - 0x746b5000 	C:\WINDOWS\System32\SspiCli.dll
0x74680000 - 0x7468a000 	C:\WINDOWS\System32\CRYPTBASE.dll
0x75a60000 - 0x75ac0000 	C:\WINDOWS\System32\bcryptPrimitives.dll
0x75030000 - 0x751c8000 	C:\WINDOWS\System32\USER32.dll
0x76950000 - 0x76967000 	C:\WINDOWS\System32\win32u.dll
0x74a40000 - 0x74a61000 	C:\WINDOWS\System32\GDI32.dll
0x74710000 - 0x7486d000 	C:\WINDOWS\System32\gdi32full.dll
0x75840000 - 0x758bc000 	C:\WINDOWS\System32\msvcp_win.dll
0x74920000 - 0x74a40000 	C:\WINDOWS\System32\ucrtbase.dll
0x6ed00000 - 0x6ef0f000 	C:\WINDOWS\WinSxS\x86_microsoft.windows.common-controls_6595b64144ccf1df_6.0.18362.1316_none_e6276d26f8de04dd\COMCTL32.dll
0x76c30000 - 0x76ea6000 	C:\WINDOWS\System32\combase.dll
0x752c0000 - 0x752e5000 	C:\WINDOWS\System32\IMM32.DLL
0x6a1e0000 - 0x6a1f3000 	C:\Program Files (x86)\Java\jre1.8.0_281\bin\vcruntime140.dll
0x64580000 - 0x645ef000 	C:\Program Files (x86)\Java\jre1.8.0_281\bin\msvcp140.dll
0x641a0000 - 0x6457e000 	C:\Program Files (x86)\Java\jre1.8.0_281\bin\client\jvm.dll
0x76ba0000 - 0x76ba6000 	C:\WINDOWS\System32\PSAPI.DLL
0x6fd30000 - 0x6fd54000 	C:\WINDOWS\SYSTEM32\WINMM.dll
0x665e0000 - 0x665e8000 	C:\WINDOWS\SYSTEM32\WSOCK32.dll
0x742b0000 - 0x742b8000 	C:\WINDOWS\SYSTEM32\VERSION.dll
0x768f0000 - 0x7694e000 	C:\WINDOWS\System32\WS2_32.dll
0x6fc80000 - 0x6fca3000 	C:\WINDOWS\SYSTEM32\winmmbase.dll
0x75570000 - 0x755ab000 	C:\WINDOWS\System32\cfgmgr32.dll
0x74a70000 - 0x74a7f000 	C:\WINDOWS\System32\kernel.appcore.dll
0x69aa0000 - 0x69aad000 	C:\Program Files (x86)\Java\jre1.8.0_281\bin\verify.dll
0x69a70000 - 0x69a94000 	C:\Program Files (x86)\Java\jre1.8.0_281\bin\java.dll
0x678e0000 - 0x678f4000 	C:\Program Files (x86)\Java\jre1.8.0_281\bin\zip.dll
0x76080000 - 0x765fb000 	C:\WINDOWS\System32\SHELL32.dll
0x751d0000 - 0x75253000 	C:\WINDOWS\System32\shcore.dll
0x75ac0000 - 0x76080000 	C:\WINDOWS\System32\windows.storage.dll
0x76b80000 - 0x76b9b000 	C:\WINDOWS\System32\profapi.dll
0x76b10000 - 0x76b53000 	C:\WINDOWS\System32\powrprof.dll
0x75990000 - 0x7599d000 	C:\WINDOWS\System32\UMPDC.dll
0x746c0000 - 0x74704000 	C:\WINDOWS\System32\shlwapi.dll
0x76b60000 - 0x76b73000 	C:\WINDOWS\System32\cryptsp.dll
0x678c0000 - 0x678d7000 	C:\Program Files (x86)\Java\jre1.8.0_281\bin\net.dll
0x70810000 - 0x70862000 	C:\WINDOWS\system32\mswsock.dll
0x66710000 - 0x6671f000 	C:\Program Files (x86)\Java\jre1.8.0_281\bin\nio.dll
0x66700000 - 0x6670c000 	C:\Program Files (x86)\Java\jre1.8.0_281\bin\management.dll
0x707f0000 - 0x70801000 	C:\WINDOWS\system32\napinsp.dll
0x707d0000 - 0x707e6000 	C:\WINDOWS\system32\pnrpnsp.dll
0x70730000 - 0x707c3000 	C:\WINDOWS\SYSTEM32\DNSAPI.dll
0x767c0000 - 0x767c7000 	C:\WINDOWS\System32\NSI.dll
0x706f0000 - 0x70722000 	C:\WINDOWS\SYSTEM32\IPHLPAPI.DLL
0x706e0000 - 0x706eb000 	C:\WINDOWS\System32\winrnr.dll
0x706c0000 - 0x706d6000 	C:\WINDOWS\system32\NLAapi.dll
0x706b0000 - 0x706c0000 	C:\WINDOWS\system32\wshbth.dll
0x70460000 - 0x70468000 	C:\Windows\System32\rasadhlp.dll
0x6fd70000 - 0x6fdc1000 	C:\WINDOWS\System32\fwpuclnt.dll
0x76c10000 - 0x76c29000 	C:\WINDOWS\System32\bcrypt.dll
0x66540000 - 0x66563000 	C:\Program Files (x86)\Java\jre1.8.0_281\bin\sunec.dll
0x70670000 - 0x70683000 	C:\WINDOWS\SYSTEM32\dhcpcsvc6.DLL
0x70470000 - 0x70485000 	C:\WINDOWS\SYSTEM32\dhcpcsvc.DLL
0x71ad0000 - 0x71aff000 	C:\WINDOWS\system32\rsaenh.dll
0x74350000 - 0x7436e000 	C:\WINDOWS\SYSTEM32\USERENV.dll
0x64130000 - 0x6419d000 	C:\Users\natha\games\MultiMC\instances\instancee\natives\lwjgl32.dll
0x66270000 - 0x662ae000 	C:\Users\natha\games\MultiMC\instances\instancee\natives\jemalloc32.dll
0x640d0000 - 0x64128000 	C:\Users\natha\games\MultiMC\instances\instancee\natives\glfw32.dll
0x6f1e0000 - 0x6f25a000 	C:\WINDOWS\system32\uxtheme.dll
0x6f260000 - 0x6f283000 	C:\WINDOWS\SYSTEM32\DEVOBJ.dll
0x6e010000 - 0x6e035000 	C:\WINDOWS\SYSTEM32\dwmapi.dll
0x6f110000 - 0x6f1d2000 	C:\WINDOWS\SYSTEM32\inputhost.dll
0x6e4b0000 - 0x6e539000 	C:\WINDOWS\SYSTEM32\CoreMessaging.dll
0x6e3d0000 - 0x6e4a7000 	C:\WINDOWS\SYSTEM32\wintypes.dll
0x6e540000 - 0x6e79e000 	C:\WINDOWS\SYSTEM32\CoreUIComponents.dll
0x6fbb0000 - 0x6fc76000 	C:\WINDOWS\SYSTEM32\PROPSYS.dll
0x76970000 - 0x76a02000 	C:\WINDOWS\System32\OLEAUT32.dll
0x725f0000 - 0x72619000 	C:\WINDOWS\SYSTEM32\ntmarta.dll
0x75460000 - 0x75563000 	C:\WINDOWS\System32\MSCTF.dll
0x74be0000 - 0x75029000 	C:\WINDOWS\System32\SETUPAPI.DLL
0x75940000 - 0x75986000 	C:\WINDOWS\System32\WINTRUST.dll
0x76850000 - 0x7685e000 	C:\WINDOWS\System32\MSASN1.dll
0x766c0000 - 0x767bb000 	C:\WINDOWS\System32\CRYPT32.dll
0x63390000 - 0x6348f000 	C:\WINDOWS\SYSTEM32\opengl32.dll
0x66220000 - 0x6625f000 	C:\WINDOWS\SYSTEM32\GLU32.dll
0x6e0d0000 - 0x6e0e9000 	C:\WINDOWS\SYSTEM32\dxcore.dll
0x640a0000 - 0x640c1000 	C:\WINDOWS\System32\DriverStore\FileRepository\c0346830.inf_amd64_f723e13ffb3b2652\B345901\atiglpxx.dll
0x78530000 - 0x7ad71000 	C:\WINDOWS\System32\DriverStore\FileRepository\c0346830.inf_amd64_f723e13ffb3b2652\B345901\atioglxx.dll
0x76a10000 - 0x76b07000 	C:\WINDOWS\System32\ole32.dll
0x6f8d0000 - 0x6f8ec000 	C:\WINDOWS\SYSTEM32\dxva2.dll
0x64060000 - 0x64091000 	C:\WINDOWS\System32\DriverStore\FileRepository\c0346830.inf_amd64_f723e13ffb3b2652\B345901\atigktxx.dll
0x63f20000 - 0x64055000 	C:\WINDOWS\SYSTEM32\atiadlxy.dll
0x63ea0000 - 0x63f11000 	C:\Users\natha\games\MultiMC\instances\instancee\natives\lwjgl_stb32.dll
0x6cef0000 - 0x6cf84000 	C:\WINDOWS\SYSTEM32\mscms.dll
0x6af80000 - 0x6af91000 	C:\WINDOWS\SYSTEM32\ColorAdapterClient.dll
0x6f890000 - 0x6f8ce000 	C:\WINDOWS\SYSTEM32\icm32.dll
0x6f290000 - 0x6f312000 	C:\WINDOWS\System32\TextInputFramework.dll
0x69ad0000 - 0x69cfa000 	C:\WINDOWS\System32\iertutil.dll
0x63e40000 - 0x63e93000 	C:\Users\natha\games\MultiMC\instances\instancee\natives\lwjgl_opengl32.dll
0x63e00000 - 0x63e38000 	C:\Users\natha\AppData\Local\Temp\jna-104591834\jna1598135980518271491.dll
0x63cb0000 - 0x63dfb000 	C:\Program Files (x86)\Java\jre1.8.0_281\bin\awt.dll
0x69930000 - 0x699cf000 	C:\WINDOWS\SYSTEM32\apphelp.dll
0x63c90000 - 0x63ca7000 	C:\Users\natha\games\MultiMC\instances\instancee\natives\SAPIWrapper_x86.dll
0x74b60000 - 0x74be0000 	C:\WINDOWS\System32\clbcatq.dll
0x6c500000 - 0x6c641000 	C:\WINDOWS\System32\Speech\Common\sapi.dll
0x602a0000 - 0x602b9000 	C:\WINDOWS\SYSTEM32\MSACM32.dll
0x5eff0000 - 0x5eff9000 	C:\WINDOWS\SYSTEM32\msdmo.dll
0x6e310000 - 0x6e372000 	C:\WINDOWS\System32\MMDevApi.dll
0x66520000 - 0x6652b000 	C:\Program Files (x86)\Java\jre1.8.0_281\bin\sunmscapi.dll
0x68fa0000 - 0x68fc1000 	C:\WINDOWS\SYSTEM32\ncrypt.dll
0x68f70000 - 0x68f98000 	C:\WINDOWS\SYSTEM32\NTASN1.dll
0x782b0000 - 0x783af000 	C:\Users\natha\games\MultiMC\instances\instancee\natives\OpenAL32.dll
0x7c720000 - 0x7c83d000 	C:\WINDOWS\SYSTEM32\AUDIOSES.DLL
0x57d10000 - 0x57d1f000 	C:\WINDOWS\SYSTEM32\resourcepolicyclient.dll
0x66260000 - 0x6626a000 	C:\Program Files (x86)\Java\jre1.8.0_281\bin\jsound.dll
0x54660000 - 0x5466a000 	C:\Program Files (x86)\Java\jre1.8.0_281\bin\jsoundds.dll
0x6eb40000 - 0x6ebbe000 	C:\WINDOWS\SYSTEM32\DSOUND.dll
0x57cd0000 - 0x57d0a000 	C:\WINDOWS\SYSTEM32\wdmaud.drv
0x54670000 - 0x54678000 	C:\WINDOWS\SYSTEM32\AVRT.dll
0x55e40000 - 0x55e47000 	C:\WINDOWS\SYSTEM32\ksuser.dll
0x57820000 - 0x5782a000 	C:\WINDOWS\SYSTEM32\msacm32.drv
0x57870000 - 0x57878000 	C:\WINDOWS\SYSTEM32\midimap.dll
0x7b9b0000 - 0x7baad000 	C:\Windows\System32\Windows.UI.dll
0x4f590000 - 0x4f71f000 	C:\WINDOWS\SYSTEM32\dbghelp.dll

VM Arguments:
jvm_args: -XX:HeapDumpPath=MojangTricksIntelDriversForPerformance_javaw.exe_minecraft.exe.heapdump -Xms1024m -Xmx1024m -Duser.language=en -Djava.library.path=C:/Users/natha/games/MultiMC/instances/instancee/natives 
java_command: org.multimc.EntryPoint
java_class_path (initial): C:/Users/natha/games/MultiMC/jars/NewLaunch.jar;C:/Users/natha/games/MultiMC/libraries/org/lwjgl/lwjgl-glfw/3.2.2/lwjgl-glfw-3.2.2.jar;C:/Users/natha/games/MultiMC/libraries/org/lwjgl/lwjgl-jemalloc/3.2.2/lwjgl-jemalloc-3.2.2.jar;C:/Users/natha/games/MultiMC/libraries/org/lwjgl/lwjgl-openal/3.2.2/lwjgl-openal-3.2.2.jar;C:/Users/natha/games/MultiMC/libraries/org/lwjgl/lwjgl-opengl/3.2.2/lwjgl-opengl-3.2.2.jar;C:/Users/natha/games/MultiMC/libraries/org/lwjgl/lwjgl-stb/3.2.2/lwjgl-stb-3.2.2.jar;C:/Users/natha/games/MultiMC/libraries/org/lwjgl/lwjgl-tinyfd/3.2.2/lwjgl-tinyfd-3.2.2.jar;C:/Users/natha/games/MultiMC/libraries/org/lwjgl/lwjgl/3.2.2/lwjgl-3.2.2.jar;C:/Users/natha/games/MultiMC/libraries/com/mojang/patchy/1.1/patchy-1.1.jar;C:/Users/natha/games/MultiMC/libraries/oshi-project/oshi-core/1.1/oshi-core-1.1.jar;C:/Users/natha/games/MultiMC/libraries/net/java/dev/jna/jna/4.4.0/jna-4.4.0.jar;C:/Users/natha/games/MultiMC/libraries/net/java/dev/jna/platform/3.4.0/platform-3.4.0.jar;C:/Users/natha/games/MultiMC/libraries/com/ibm/icu/icu4j/66.1/icu4j-66.1.jar;C:/Users/natha/games/MultiMC/libraries/com/mojang/javabridge/1.0.22/javabridge-1.0.22.jar;C:/Users/natha/games/MultiMC/libraries/net/sf/jopt-simple/jopt-simple/5.0.4/jopt-simple-5.0.4.jar;C:/Users/natha/games/MultiMC/libraries/io/netty/netty-all/4.1.25.Final/netty-all-4.1.25.Final.jar;C:/Users/natha/games/MultiMC/libraries/com/google/guava/guava/21.0/guava-21.0.jar;C:/Users/natha/games/MultiMC/libraries/org/apache/commons/commons-lang3/3.5/commons-lang3-3.5.jar;C:/Users/natha/games/MultiMC/libraries/commons-io/commons-io/2.5/commons-io-2.5.jar;C:/Users/natha/games/MultiMC/libraries/commons-codec/commons-codec/1.10/commons-codec-1.10.jar;C:/Users/natha/games/MultiMC/libraries/com/mojang/brigadier/1.0.17/brigadier-1.0.17.jar;C:/Users/natha/games/MultiMC/libraries/com/mojang/datafixerupper/4.0.26/datafixerupper-4.0.26.jar;C:/Users/natha/games/MultiMC/libraries/com/google/code/gson/gson/2.8
Launcher Type: SUN_STANDARD

Environment Variables:
PATH=C:\Program Files (x86)\Common Files\Oracle\Java\javapath;C:\Program Files\Python37\Scripts\;C:\Program Files\Python37\;C:\WINDOWS\system32;C:\WINDOWS;C:\WINDOWS\System32\Wbem;C:\WINDOWS\System32\WindowsPowerShell\v1.0\;C:\WINDOWS\System32\OpenSSH\;C:\Program Files\nodejs\;C:\Program Files\Git\cmd;C:\Program Files\PuTTY\;C:\Program Files\UnxUtils\usr\local\wbin;C:\Program Files\dotnet\;C:\Program Files\Git LFS;C:\Users\natha\AppData\Local\Microsoft\WindowsApps;C:\Users\natha\AppData\Roaming\npm;C:\Users\natha\AppData\Local\GitHubDesktop\bin;C:\Users\natha\AppData\Local\Programs\Microsoft VS Code\bin;C:\Program Files\JetBrains\IntelliJ IDEA Community Edition 2020.3.2\bin;
USERNAME=natha
OS=Windows_NT
PROCESSOR_IDENTIFIER=Intel64 Family 6 Model 58 Stepping 9, GenuineIntel



---------------  S Y S T E M  ---------------

OS: Windows 10.0 , 64 bit Build 18362 (10.0.18362.1110)

CPU:total 8 (initial active 8) (4 cores per cpu, 2 threads per core) family 6 model 58 stepping 9, cmov, cx8, fxsr, mmx, sse, sse2, sse3, ssse3, sse4.1, sse4.2, popcnt, avx, aes, clmul, erms, ht, tsc, tscinvbit, tscinv

Memory: 4k page, physical 8268568k(505488k free), swap 23644336k(1178256k free)

vm_info: Java HotSpot(TM) Client VM (25.281-b09) for windows-x86 JRE (1.8.0_281-b09), built on Dec  9 2020 12:52:05 by "" with MS VC++ 15.9 (VS2017)

time: Thu Feb 18 08:08:33 2021
timezone: Eastern Standard Time
elapsed time: 1389.834287 seconds (0d 0h 23m 9s)

